0 info it worked if it ends with ok
1 verbose cli [ '/usr/local/bin/node',
1 verbose cli   '/usr/local/bin/npm',
1 verbose cli   'install',
1 verbose cli   '-g',
1 verbose cli   'stylus',
1 verbose cli   'jeetCOPY' ]
2 info using npm@3.8.6
3 info using node@v4.4.1
4 silly loadCurrentTree Starting
5 silly install loadCurrentTree
6 silly install readGlobalPackageData
7 silly fetchPackageMetaData stylus
8 silly fetchPackageMetaData jeetCOPY
9 silly fetchNamedPackageData stylus
10 silly mapToRegistry name stylus
11 silly mapToRegistry using default registry
12 silly mapToRegistry registry https://registry.npmjs.org/
13 silly mapToRegistry data Result {
13 silly mapToRegistry   raw: 'stylus',
13 silly mapToRegistry   scope: null,
13 silly mapToRegistry   name: 'stylus',
13 silly mapToRegistry   rawSpec: '',
13 silly mapToRegistry   spec: 'latest',
13 silly mapToRegistry   type: 'tag' }
14 silly mapToRegistry uri https://registry.npmjs.org/stylus
15 silly fetchNamedPackageData jeetCOPY
16 silly mapToRegistry name jeetCOPY
17 silly mapToRegistry using default registry
18 silly mapToRegistry registry https://registry.npmjs.org/
19 silly mapToRegistry data Result {
19 silly mapToRegistry   raw: 'jeetCOPY',
19 silly mapToRegistry   scope: null,
19 silly mapToRegistry   name: 'jeetCOPY',
19 silly mapToRegistry   rawSpec: '',
19 silly mapToRegistry   spec: 'latest',
19 silly mapToRegistry   type: 'tag' }
20 silly mapToRegistry uri https://registry.npmjs.org/jeetCOPY
21 verbose request uri https://registry.npmjs.org/stylus
22 verbose request no auth needed
23 info attempt registry request try #1 at 6:31:35 PM
24 verbose request id 186ddbbce8469d48
25 http request GET https://registry.npmjs.org/stylus
26 verbose request uri https://registry.npmjs.org/jeetCOPY
27 verbose request no auth needed
28 info attempt registry request try #1 at 6:31:35 PM
29 http request GET https://registry.npmjs.org/jeetCOPY
30 http 404 https://registry.npmjs.org/jeetCOPY
31 verbose headers { 'content-type': 'application/json',
31 verbose headers   'cache-control': 'max-age=0',
31 verbose headers   'content-length': '2',
31 verbose headers   'accept-ranges': 'bytes',
31 verbose headers   date: 'Wed, 27 Apr 2016 22:31:36 GMT',
31 verbose headers   via: '1.1 varnish',
31 verbose headers   age: '0',
31 verbose headers   connection: 'keep-alive',
31 verbose headers   'x-served-by': 'cache-sjc3122-SJC',
31 verbose headers   'x-cache': 'MISS',
31 verbose headers   'x-cache-hits': '0',
31 verbose headers   'x-timer': 'S1461796296.311479,VS0,VE87',
31 verbose headers   vary: 'Accept-Encoding' }
32 silly get cb [ 404,
32 silly get   { 'content-type': 'application/json',
32 silly get     'cache-control': 'max-age=0',
32 silly get     'content-length': '2',
32 silly get     'accept-ranges': 'bytes',
32 silly get     date: 'Wed, 27 Apr 2016 22:31:36 GMT',
32 silly get     via: '1.1 varnish',
32 silly get     age: '0',
32 silly get     connection: 'keep-alive',
32 silly get     'x-served-by': 'cache-sjc3122-SJC',
32 silly get     'x-cache': 'MISS',
32 silly get     'x-cache-hits': '0',
32 silly get     'x-timer': 'S1461796296.311479,VS0,VE87',
32 silly get     vary: 'Accept-Encoding' } ]
33 silly fetchPackageMetaData Error: Registry returned 404 for GET on https://registry.npmjs.org/jeetCOPY
33 silly fetchPackageMetaData     at makeError (/usr/local/lib/node_modules/npm/node_modules/npm-registry-client/lib/request.js:264:12)
33 silly fetchPackageMetaData     at CachingRegistryClient.<anonymous> (/usr/local/lib/node_modules/npm/node_modules/npm-registry-client/lib/request.js:242:14)
33 silly fetchPackageMetaData     at Request._callback (/usr/local/lib/node_modules/npm/node_modules/npm-registry-client/lib/request.js:172:14)
33 silly fetchPackageMetaData     at Request.self.callback (/usr/local/lib/node_modules/npm/node_modules/request/request.js:199:22)
33 silly fetchPackageMetaData     at emitTwo (events.js:87:13)
33 silly fetchPackageMetaData     at Request.emit (events.js:172:7)
33 silly fetchPackageMetaData     at Request.<anonymous> (/usr/local/lib/node_modules/npm/node_modules/request/request.js:1036:10)
33 silly fetchPackageMetaData     at emitOne (events.js:82:20)
33 silly fetchPackageMetaData     at Request.emit (events.js:169:7)
33 silly fetchPackageMetaData     at IncomingMessage.<anonymous> (/usr/local/lib/node_modules/npm/node_modules/request/request.js:963:12)
33 silly fetchPackageMetaData  error for jeetCOPY { [Error: Registry returned 404 for GET on https://registry.npmjs.org/jeetCOPY] pkgid: 'jeetCOPY', statusCode: 404, code: 'E404' }
34 http 200 https://registry.npmjs.org/stylus
35 verbose headers { server: 'CouchDB/1.5.0 (Erlang OTP/R16B03)',
35 verbose headers   etag: '"5E2HVN3YXSCTWSXVAR6OM6RE5"',
35 verbose headers   'content-type': 'application/json',
35 verbose headers   'content-encoding': 'gzip',
35 verbose headers   'cache-control': 'max-age=300',
35 verbose headers   'content-length': '21046',
35 verbose headers   'accept-ranges': 'bytes',
35 verbose headers   date: 'Wed, 27 Apr 2016 22:31:36 GMT',
35 verbose headers   via: '1.1 varnish',
35 verbose headers   age: '282',
35 verbose headers   connection: 'keep-alive',
35 verbose headers   'x-served-by': 'cache-sjc3129-SJC',
35 verbose headers   'x-cache': 'HIT',
35 verbose headers   'x-cache-hits': '1',
35 verbose headers   'x-timer': 'S1461796296.320617,VS0,VE0',
35 verbose headers   vary: 'Accept-Encoding' }
36 silly get cb [ 200,
36 silly get   { server: 'CouchDB/1.5.0 (Erlang OTP/R16B03)',
36 silly get     etag: '"5E2HVN3YXSCTWSXVAR6OM6RE5"',
36 silly get     'content-type': 'application/json',
36 silly get     'content-encoding': 'gzip',
36 silly get     'cache-control': 'max-age=300',
36 silly get     'content-length': '21046',
36 silly get     'accept-ranges': 'bytes',
36 silly get     date: 'Wed, 27 Apr 2016 22:31:36 GMT',
36 silly get     via: '1.1 varnish',
36 silly get     age: '282',
36 silly get     connection: 'keep-alive',
36 silly get     'x-served-by': 'cache-sjc3129-SJC',
36 silly get     'x-cache': 'HIT',
36 silly get     'x-cache-hits': '1',
36 silly get     'x-timer': 'S1461796296.320617,VS0,VE0',
36 silly get     vary: 'Accept-Encoding' } ]
37 verbose get saving stylus to /Users/cstark/.npm/registry.npmjs.org/stylus/.cache.json
38 verbose correctMkdir /Users/cstark/.npm correctMkdir not in flight; initializing
39 silly rollbackFailedOptional Starting
40 silly rollbackFailedOptional Finishing
41 silly runTopLevelLifecycles Starting
42 silly runTopLevelLifecycles Finishing
43 silly install printInstalled
44 verbose stack Error: Registry returned 404 for GET on https://registry.npmjs.org/jeetCOPY
44 verbose stack     at makeError (/usr/local/lib/node_modules/npm/node_modules/npm-registry-client/lib/request.js:264:12)
44 verbose stack     at CachingRegistryClient.<anonymous> (/usr/local/lib/node_modules/npm/node_modules/npm-registry-client/lib/request.js:242:14)
44 verbose stack     at Request._callback (/usr/local/lib/node_modules/npm/node_modules/npm-registry-client/lib/request.js:172:14)
44 verbose stack     at Request.self.callback (/usr/local/lib/node_modules/npm/node_modules/request/request.js:199:22)
44 verbose stack     at emitTwo (events.js:87:13)
44 verbose stack     at Request.emit (events.js:172:7)
44 verbose stack     at Request.<anonymous> (/usr/local/lib/node_modules/npm/node_modules/request/request.js:1036:10)
44 verbose stack     at emitOne (events.js:82:20)
44 verbose stack     at Request.emit (events.js:169:7)
44 verbose stack     at IncomingMessage.<anonymous> (/usr/local/lib/node_modules/npm/node_modules/request/request.js:963:12)
45 verbose statusCode 404
46 verbose pkgid jeetCOPY
47 verbose cwd /Users/cstark/WDI/projects/4project
48 error Darwin 15.3.0
49 error argv "/usr/local/bin/node" "/usr/local/bin/npm" "install" "-g" "stylus" "jeetCOPY"
50 error node v4.4.1
51 error npm  v3.8.6
52 error code E404
53 error 404 Registry returned 404 for GET on https://registry.npmjs.org/jeetCOPY
54 error 404
55 error 404 'jeetCOPY' is not in the npm registry.
56 error 404 Your package name is not valid, because
57 error 404 1. name can no longer contain capital letters
58 error 404 Note that you can also install from a
59 error 404 tarball, folder, http url, or git url.
60 verbose exit [ 1, true ]
